{"message":"validate request recieved for:test@g.com","level":"info"}
{"level":"error","message":"error occured while validating user"}
{"message":"validate request recieved for:test@g.com","level":"info"}
{"level":"error","message":"error occured while validating user"}
{"message":"validate request recieved for:test@g.com","level":"info"}
{"message":"validate request recieved for:test@g.com","level":"info"}
{"level":"error","message":"error occured while validating user"}
{"message":"validate request recieved for:test@g.com","level":"info"}
{"level":"error","message":"error occured while validating user"}
{"message":"validate request recieved for:test@g.com","level":"info"}
{"level":"error","message":"error occured while validating user"}
{"message":"validate request recieved for:test@g.com","level":"info"}
{"level":"error","message":"error occured while validating user"}
{"message":"validate request recieved for:test@g.com","level":"info"}
{"level":"error","message":"error occured while validating user"}
{"message":"validate request recieved for:test@g.com","level":"info"}
{"level":"error","message":"error occured while validating user"}
{"message":"validate request recieved for:test@g.com","level":"info"}
{"level":"error","message":"error occured while validating user"}
{"message":"validate request recieved for:test@g.com","level":"info"}
{"level":"error","message":"error occured while validating user"}
{"message":"validate request recieved for:test@g.com","level":"info"}
{"level":"error","message":"error occured while validating user"}
{"message":"validate request recieved for:test@g.com","level":"info"}
{"level":"error","message":"error occured while validating user"}
{"message":"validate request recieved for:test@g.com","level":"info"}
{"message":"validate request recieved for:test@g.com","level":"info"}
{"message":"validate request recieved for:test@g.com","level":"info"}
{"message":"validate request recieved for:test@g.com","level":"info"}
{"message":"Received a user create request with email:test@g.com","level":"info"}
{"message":"error occured while creating user for email id:test@g.com","level":"error"}
{"message":"Received a user create request with email:test@g.com","level":"info"}
{"message":"error occured while creating user for email id:test@g.com","level":"error"}
{"message":"Received a user create request with email:test@g.com","level":"info"}
{"message":"error occured while creating user for email id:test@g.com","level":"error"}
{"message":"Received a user create request with email:test@g.com","level":"info"}
{"message":"error occured while creating user for email id:test@g.com","level":"error"}
{"message":"Received a user create request with email:test@g.com","level":"info"}
{"message":"error occured while creating user for email id:test@g.com","level":"error"}
{"message":"Received a user create request with email:test@g.com","level":"info"}
{"message":"Received a user create request with email:test@g.com","level":"info"}
{"message":"error occured while creating user for email id:test@g.com","level":"error"}
{"message":"Received a user create request with email:test@g.com","level":"info"}
{"message":"user created for email:test@g.comUser Id:4","level":"info"}
{"message":"validate request recieved for:test@g.com","level":"info"}
{"message":"validate request recieved for:test@g.com","level":"info"}
{"message":"validate request recieved for:test@g.com","level":"info"}
{"message":"validate request recieved for:test@g.com","level":"info"}
{"message":"validate request recieved for:test@g.com","level":"info"}
{"message":"user details length:1","level":"info"}
{"message":"validate request recieved for:test@g.com","level":"info"}
{"message":"user details length:1","level":"info"}
{"message":"validate request recieved for:test@g.com","level":"info"}
{"message":"user details length:1","level":"info"}
{"message":"User details for user:undefined retrieved sucessfully","level":"info"}
{"message":"validate request recieved for:test@g.com","level":"info"}
{"message":"user details length:1","level":"info"}
{"message":"User details for user:undefined retrieved sucessfully","level":"info"}
{"message":"validate request recieved for:test@g.com","level":"info"}
{"message":"user details length:1","level":"info"}
{"message":"User details for user:undefined retrieved sucessfully","level":"info"}
{"message":"validate request recieved for:test@g.com","level":"info"}
{"message":"user details length:1","level":"info"}
{"message":"User details for user:undefined retrieved sucessfully","level":"info"}
{"message":"validate request recieved for:test@g.com","level":"info"}
{"message":"user details length:1","level":"info"}
{"message":"User details for user:undefined retrieved sucessfully","level":"info"}
